<?xml version="1.0" encoding="UTF-8"?>
<!-- Generated by org.testng.reporters.JUnitReportReporter -->
<testsuite hostname="Pratiksha" failures="0" tests="3" name="Reqress.Specification" time="0.076" errors="0" timestamp="2023-06-13T17:13:30 GMT-04:00" skipped="2">
  <testcase classname="Reqress.Specification" name="Created" time="0.076"/>
  <system-out/>
  <testcase classname="Reqress.Specification" name="Delete">
    <skipped/>
  </testcase> <!-- Delete -->
  <system-out/>
  <testcase classname="Reqress.Specification" name="Update">
    <skipped/>
  </testcase> <!-- Update -->
  <system-out/>
</testsuite> <!-- Reqress.Specification -->
