<?xml version="1.0" encoding="UTF-8"?>
<!-- Generated by org.testng.reporters.JUnitReportReporter -->
<testsuite hostname="Pratiksha" failures="0" tests="1" name="Reqress.Create" time="0.065" errors="0" timestamp="2023-06-15T13:46:27 GMT-04:00" skipped="0">
  <testcase classname="Reqress.Create" name="Created" time="0.065"/>
  <system-out/>
</testsuite> <!-- Reqress.Create -->
