<?xml version="1.0" encoding="UTF-8"?>
<!-- Generated by org.testng.reporters.JUnitReportReporter -->
<testsuite hostname="Pratiksha" failures="0" tests="3" name="Reqress.Delete" time="0.069" errors="0" timestamp="2023-06-15T13:46:37 GMT-04:00" skipped="0">
  <testcase classname="Reqress.Delete" name="Created" time="0.061"/>
  <system-out/>
  <testcase classname="Reqress.Delete" name="Update" time="0.004"/>
  <system-out/>
  <testcase classname="Reqress.Delete" name="Delete" time="0.004"/>
  <system-out/>
</testsuite> <!-- Reqress.Delete -->
