<?xml version="1.0" encoding="UTF-8"?>
<!-- Generated by org.testng.reporters.JUnitReportReporter -->
<testsuite hostname="Pratiksha" failures="0" tests="2" name="Reqress.Update" time="0.058" errors="0" timestamp="2023-06-13T17:23:37 GMT-04:00" skipped="0">
  <testcase classname="Reqress.Update" name="Created" time="0.055"/>
  <system-out/>
  <testcase classname="Reqress.Update" name="Update" time="0.003"/>
  <system-out/>
</testsuite> <!-- Reqress.Update -->
